

***********************************************************************
Fatal NI connect error 12541, connecting to:
 (DESCRIPTION=(ADDRESS=(PROTOCOL=TCP)(HOST=PORTATIL_FREDDY)(PORT=1521))(CONNECT_DATA=(SERVICE_NAME=DBO)(CID=(PROGRAM=C:\softeps\compensacion\COMPENSACION.exe)(HOST=PORTATIL_FREDDY)(USER=FREDDY))))

  VERSION INFORMATION:
	TNS for 32-bit Windows: Version 9.2.0.1.0 - Production
	Windows NT TCP/IP NT Protocol Adapter for 32-bit Windows: Version 9.2.0.1.0 - Production
  Time: 09-SEP-2003 08:08:48
  Tracing not turned on.
  Tns error struct:
    nr err code: 0
    ns main err code: 12541
    TNS-12541: TNS:no hay ningún listener
    ns secondary err code: 12560
    nt main err code: 511
    TNS-00511: No hay ningún listener
    nt secondary err code: 61
    nt OS err code: 0


***********************************************************************
Fatal NI connect error 12514, connecting to:
 (DESCRIPTION=(ADDRESS=(PROTOCOL=TCP)(HOST=PORTATIL_FREDDY)(PORT=1521))(CONNECT_DATA=(SERVICE_NAME=DBO)(CID=(PROGRAM=C:\Archivos de programa\Borland\Delphi6\Bin\delphi32.exe)(HOST=PORTATIL_FREDDY)(USER=FREDDY))))

  VERSION INFORMATION:
	TNS for 32-bit Windows: Version 9.2.0.1.0 - Production
	Windows NT TCP/IP NT Protocol Adapter for 32-bit Windows: Version 9.2.0.1.0 - Production
  Time: 13-SEP-2003 09:53:36
  Tracing not turned on.
  Tns error struct:
    nr err code: 0
    ns main err code: 12564
    TNS-12564: TNS:conexión rechazada
    ns secondary err code: 0
    nt main err code: 0
    nt secondary err code: 0
    nt OS err code: 0
